<?xml version="1.0" encoding="UTF-8"?>
<!-- Generated by org.testng.reporters.JUnitReportReporter -->
<testsuite skipped="0" hostname="INCDSZLP00340" name="com.demoqa.qa.testcases.HomePageTest" tests="8" failures="0" timestamp="2020-07-29T12:26:58 IST" time="74.921" errors="0">
  <testcase name="HomePageTitleTest" time="10.818" classname="com.demoqa.qa.testcases.HomePageTest"/>
  <system-out/>
  <testcase name="LogoImageTest" time="9.001" classname="com.demoqa.qa.testcases.HomePageTest"/>
  <system-out/>
  <testcase name="ClickOnElementsTest" time="9.370" classname="com.demoqa.qa.testcases.HomePageTest"/>
  <system-out/>
  <testcase name="ClickOnFormsTest" time="9.167" classname="com.demoqa.qa.testcases.HomePageTest"/>
  <system-out/>
  <testcase name="ClickOnAlertFrmTest" time="8.830" classname="com.demoqa.qa.testcases.HomePageTest"/>
  <system-out/>
  <testcase name="ClickOnWidgetsTest" time="9.414" classname="com.demoqa.qa.testcases.HomePageTest"/>
  <system-out/>
  <testcase name="ClickOnInteractionsTest" time="8.666" classname="com.demoqa.qa.testcases.HomePageTest"/>
  <system-out/>
  <testcase name="ClickOnBookStoreTest" time="9.655" classname="com.demoqa.qa.testcases.HomePageTest"/>
  <system-out/>
</testsuite> <!-- com.demoqa.qa.testcases.HomePageTest -->
