<?xml version="1.0" encoding="UTF-8"?>
<!-- Generated by org.testng.reporters.JUnitReportReporter -->
<testsuite skipped="0" hostname="INCDSZLP00340" name="com.demoqa.qa.testcases.ElementPageTest" tests="1" failures="0" timestamp="2020-08-04T13:35:39 IST" time="10.411" errors="0">
  <testcase name="ClickUplddwnldTest" time="10.411" classname="com.demoqa.qa.testcases.ElementPageTest"/>
  <system-out/>
</testsuite> <!-- com.demoqa.qa.testcases.ElementPageTest -->
